Current machine learning settings: epsilon:0 lossFunction:RELATIVE parallelization:True bagging:False baggingNumbers:3 considerEpsilonTube:False baggingTestDataFraction:50 useBackward:False abortError:1 limitFeatureSize:False featureSizeTreshold:4 quadraticFunctionSupport:True crossValidation:False crossValidation-k:5 learn-logFunction:False learn-accumulatedLogFunction:False learn-asymFunction:False learn-ratioFunction:False learn-mirrowedFunction:False numberOfRounds:70 backwardErrorDelta:1 minImprovementPerRound:0.1 withHierarchy:False bruteForceCandidates:False ignoreBadFeatures:False stopOnLongRound:True candidateSizePenalty:True learnTimeLimit:00:00:00 scoreMeasure:RELERROR outputRoundsToStdout:False blacklisted: 
command: mlsettings bagging:False stopOnLongRound:False parallelization:True lossFunction:RELATIVE useBackward:False abortError:10 limitFeatureSize:False featureSizeTreshold:7 quadraticFunctionSupport:True crossValidation:False learn_logFunction:True numberOfRounds:70 backwardErrorDelta:1 minImprovementPerRound:0.25 withHierarchy:False
Current machine learning settings: epsilon:0 lossFunction:RELATIVE parallelization:True bagging:False baggingNumbers:3 considerEpsilonTube:False baggingTestDataFraction:50 useBackward:False abortError:10 limitFeatureSize:False featureSizeTreshold:7 quadraticFunctionSupport:True crossValidation:False crossValidation-k:5 learn-logFunction:True learn-accumulatedLogFunction:False learn-asymFunction:False learn-ratioFunction:False learn-mirrowedFunction:False numberOfRounds:70 backwardErrorDelta:1 minImprovementPerRound:0.25 withHierarchy:False bruteForceCandidates:False ignoreBadFeatures:False stopOnLongRound:False candidateSizePenalty:True learnTimeLimit:00:00:00 scoreMeasure:RELERROR outputRoundsToStdout:False blacklisted: 
command: solver z3
command: vm /docker/docker/application/Distance-Based_Data/SupplementaryWebsite/MeasuredPerformanceValues/x264_10/FeatureModel.xml
Warning: Variability model contains outdated notation. Children nodes will no longer have effect on the model. Instead use the parent node to describe the parent of an configuration option. You can also use the converter providedby the Variability Model GUI in export>convert legacy model.
Warning: Default value nodes in models are no longer used and should be removed. You can also use the converter provided by the Variability Model GUI in export>convert legacy model to update your model.
command: all /docker/docker/application/Distance-Based_Data/SupplementaryWebsite/MeasuredPerformanceValues/x264_10/measurements.xml
Configs with too large deviation: 0
1152 configurations loaded.
command: nfp Performance
command: binary random numConfigs:212 seed:88 fromFile:/docker/docker/application/Distance-Based_Data/SupplementaryWebsite/PerformancePredictions/Summary/x264_10/allConfigurations.csv
command: learn-splconqueror
Learning: NumberOfConfigurationsLearning:212 NumberOfConfigurationsValidation:212
Learning progress:
1;1.71478871090771 * no_asm + -0.251378773019504 * no_mixed_refs;21.6001860856242;21.6001860856242;21.6001860856242;21.6001860856242;0.019802;2;-0.251378773019504 * no_mixed_refs;1;1.79769313486232E+308;
2;1.95425854120527 * no_asm + -0.278607121070832 * no_mixed_refs + -0.649989539379104 * ref_1;13.011308514165;13.011308514165;13.011308514165;13.011308514165;0.062841;3;-0.649989539379104 * ref_1;1;8.58887757145919;
3;2.15748008796512 * no_asm + -0.275321875424391 * no_mixed_refs + -0.854631732904984 * ref_1 + -0.441584369773822 * ref_5;8.99939404250478;8.99939404250478;8.99939404250478;8.99939404250478;0.122825;4;-0.441584369773822 * ref_5;1;4.01191447166022;
Elapsed=00:00:00.1277959
average model: 
command: analyze-learning
Round, Model, LearningError, LearningErrorRel, ValidationError, ValidationErrorRel, ElapsedSeconds, ModelComplexity, BestCandidate, BestCandidateSize, BestCandidateScore, TestError
Models:
Termination reason: abortError
1;1.71478871090771 * no_asm + -0.251378773019504 * no_mixed_refs;21.6001860856242;21.6001860856242;21.6001860856242;21.6001860856242;0.019802;2;-0.251378773019504 * no_mixed_refs;1;1.79769313486232E+308;19.8218294305449
2;1.95425854120527 * no_asm + -0.278607121070832 * no_mixed_refs + -0.649989539379104 * ref_1;13.011308514165;13.011308514165;13.011308514165;13.011308514165;0.062841;3;-0.649989539379104 * ref_1;1;8.58887757145919;12.9492911452236
3;2.15748008796512 * no_asm + -0.275321875424391 * no_mixed_refs + -0.854631732904984 * ref_1 + -0.441584369773822 * ref_5;8.99939404250478;8.99939404250478;8.99939404250478;8.99939404250478;0.122825;4;-0.441584369773822 * ref_5;1;4.01191447166022;8.84936818661809
Analyze finished
command: printconfigs ./sampledConfigurations_random_t3.csv
command: clean-sampling
command: clean-global
