Current machine learning settings: epsilon:0 lossFunction:RELATIVE parallelization:True bagging:False baggingNumbers:3 considerEpsilonTube:False baggingTestDataFraction:50 useBackward:False abortError:1 limitFeatureSize:False featureSizeTreshold:4 quadraticFunctionSupport:True crossValidation:False crossValidation-k:5 learn-logFunction:False learn-accumulatedLogFunction:False learn-asymFunction:False learn-ratioFunction:False learn-mirrowedFunction:False numberOfRounds:70 backwardErrorDelta:1 minImprovementPerRound:0.1 withHierarchy:False bruteForceCandidates:False ignoreBadFeatures:False stopOnLongRound:True candidateSizePenalty:True learnTimeLimit:00:00:00 scoreMeasure:RELERROR outputRoundsToStdout:False blacklisted: 
command: mlsettings bagging:False stopOnLongRound:False parallelization:True lossFunction:RELATIVE useBackward:False abortError:10 limitFeatureSize:False featureSizeTreshold:7 quadraticFunctionSupport:True crossValidation:False learn_logFunction:True numberOfRounds:70 backwardErrorDelta:1 minImprovementPerRound:0.25 withHierarchy:False
Current machine learning settings: epsilon:0 lossFunction:RELATIVE parallelization:True bagging:False baggingNumbers:3 considerEpsilonTube:False baggingTestDataFraction:50 useBackward:False abortError:10 limitFeatureSize:False featureSizeTreshold:7 quadraticFunctionSupport:True crossValidation:False crossValidation-k:5 learn-logFunction:True learn-accumulatedLogFunction:False learn-asymFunction:False learn-ratioFunction:False learn-mirrowedFunction:False numberOfRounds:70 backwardErrorDelta:1 minImprovementPerRound:0.25 withHierarchy:False bruteForceCandidates:False ignoreBadFeatures:False stopOnLongRound:False candidateSizePenalty:True learnTimeLimit:00:00:00 scoreMeasure:RELERROR outputRoundsToStdout:False blacklisted: 
command: solver z3
command: vm /docker/docker/application/Distance-Based_Data_Size/SupplementaryWebsite/MeasuredPerformanceValues/x264_15/FeatureModel.xml
Warning: Variability model contains outdated notation. Children nodes will no longer have effect on the model. Instead use the parent node to describe the parent of an configuration option. You can also use the converter providedby the Variability Model GUI in export>convert legacy model.
Warning: Default value nodes in models are no longer used and should be removed. You can also use the converter provided by the Variability Model GUI in export>convert legacy model to update your model.
command: all /docker/docker/application/Distance-Based_Data_Size/SupplementaryWebsite/MeasuredPerformanceValues/x264_15/measurements.xml
Configs with too large deviation: 0
1152 configurations loaded.
command: nfp Performance
command: hybrid distribution-aware distance-metric:manhattan distribution:uniform onlyBinary:true selection:SolverSelection number-weight-optimization:1 numConfigs:212 seed:67
command: learn-splconqueror
Learning: NumberOfConfigurationsLearning:212 NumberOfConfigurationsValidation:212
Learning progress:
1;14298069.6312057 * no_asm + -3902189.84247328 * no_mixed_refs;22.2492285861301;22.2492285861301;22.2492285861301;22.2492285861301;0.012983;2;-3902189.84247328 * no_mixed_refs;1;1.79769313486232E+308;
2;16192888.4087273 * no_asm + 101669.706069763 * no_mixed_refs + -7220795.88190673 * no_mbtree;3.89948688405519;3.89948688405519;3.89948688405519;3.89948688405519;0.043533;3;-7220795.88190673 * no_mbtree;1;18.3497417020749;
Elapsed=00:00:00.0456264
average model: 
command: analyze-learning
Round, Model, LearningError, LearningErrorRel, ValidationError, ValidationErrorRel, ElapsedSeconds, ModelComplexity, BestCandidate, BestCandidateSize, BestCandidateScore, TestError
Models:
Termination reason: abortError
1;14298069.6312057 * no_asm + -3902189.84247328 * no_mixed_refs;22.2492285861301;22.2492285861301;22.2492285861301;22.2492285861301;0.012983;2;-3902189.84247328 * no_mixed_refs;1;1.79769313486232E+308;30.2306615505271
2;16192888.4087273 * no_asm + 101669.706069763 * no_mixed_refs + -7220795.88190673 * no_mbtree;3.89948688405519;3.89948688405519;3.89948688405519;3.89948688405519;0.043533;3;-7220795.88190673 * no_mbtree;1;18.3497417020749;4.10804372302091
Analyze finished
command: printconfigs ./sampledConfigurations_distBased_t3.csv
command: clean-sampling
command: clean-global
